c:\users\lukas\documents\visual studio 2015\projects\kniznica\kniznicadll\debug\kniznicadll.pch
c:\users\lukas\documents\visual studio 2015\projects\kniznica\kniznicadll\debug\vc140.pdb
c:\users\lukas\documents\visual studio 2015\projects\kniznica\kniznicadll\debug\stdafx.obj
c:\users\lukas\documents\visual studio 2015\projects\kniznica\kniznicadll\debug\kniznicadll.obj
c:\users\lukas\documents\visual studio 2015\projects\kniznica\kniznicadll\debug\assemblyinfo.obj
c:\users\lukas\documents\visual studio 2015\projects\kniznica\kniznicadll\debug\netlib.obj
c:\users\lukas\documents\visual studio 2015\projects\kniznica\kniznicadll\debug\.netframework,version=v4.5.2.assemblyattributes.obj
c:\users\lukas\documents\visual studio 2015\projects\kniznica\kniznicadll\debug\.netframework,version=v4.5.2.assemblyattributes.asm
c:\users\lukas\documents\visual studio 2015\projects\kniznica\debug\kniznicadll.dll
c:\users\lukas\documents\visual studio 2015\projects\kniznica\debug\kniznicadll.pdb
c:\users\lukas\documents\visual studio 2015\projects\kniznica\kniznicadll\debug\app.res
c:\users\lukas\documents\visual studio 2015\projects\kniznica\kniznicadll\debug\kniznicadll.vcxprojresolveassemblyreference.cache
c:\users\lukas\documents\visual studio 2015\projects\kniznica\kniznicadll\debug\kniznicadll.tlog\cl.command.1.tlog
c:\users\lukas\documents\visual studio 2015\projects\kniznica\kniznicadll\debug\kniznicadll.tlog\cl.read.1.tlog
c:\users\lukas\documents\visual studio 2015\projects\kniznica\kniznicadll\debug\kniznicadll.tlog\cl.write.1.tlog
c:\users\lukas\documents\visual studio 2015\projects\kniznica\kniznicadll\debug\kniznicadll.tlog\link.command.1.tlog
c:\users\lukas\documents\visual studio 2015\projects\kniznica\kniznicadll\debug\kniznicadll.tlog\link.read.1.tlog
c:\users\lukas\documents\visual studio 2015\projects\kniznica\kniznicadll\debug\kniznicadll.tlog\link.write.1.tlog
c:\users\lukas\documents\visual studio 2015\projects\kniznica\kniznicadll\debug\kniznicadll.tlog\metagen.read.1.tlog
c:\users\lukas\documents\visual studio 2015\projects\kniznica\kniznicadll\debug\kniznicadll.tlog\metagen.write.1.tlog
c:\users\lukas\documents\visual studio 2015\projects\kniznica\kniznicadll\debug\kniznicadll.tlog\rc.command.1.tlog
c:\users\lukas\documents\visual studio 2015\projects\kniznica\kniznicadll\debug\kniznicadll.tlog\rc.read.1.tlog
c:\users\lukas\documents\visual studio 2015\projects\kniznica\kniznicadll\debug\kniznicadll.tlog\rc.write.1.tlog
c:\users\lukas\documents\visual studio 2015\projects\kniznica\kniznicadll\debug\kniznicadll.tlog\tzres.dll.bi
