c:\users\lukas\documents\visual studio 2015\projects\kniznica\petras\debug\vc140.pdb
c:\users\lukas\documents\visual studio 2015\projects\kniznica\petras\debug\vc140.idb
c:\users\lukas\documents\visual studio 2015\projects\kniznica\petras\debug\petras.vcxprojresolveassemblyreference.cache
c:\users\lukas\documents\visual studio 2015\projects\kniznica\debug\petras.pdb
c:\users\lukas\documents\visual studio 2015\projects\kniznica\petras\debug\petras.tlog\cl.command.1.tlog
c:\users\lukas\documents\visual studio 2015\projects\kniznica\petras\debug\petras.tlog\cl.read.1.tlog
c:\users\lukas\documents\visual studio 2015\projects\kniznica\petras\debug\petras.tlog\cl.write.1.tlog
c:\users\lukas\documents\visual studio 2015\projects\kniznica\petras\debug\petras.tlog\link-cvtres.read.1.tlog
c:\users\lukas\documents\visual studio 2015\projects\kniznica\petras\debug\petras.tlog\link-cvtres.write.1.tlog
c:\users\lukas\documents\visual studio 2015\projects\kniznica\petras\debug\petras.tlog\link-rc.read.1.tlog
c:\users\lukas\documents\visual studio 2015\projects\kniznica\petras\debug\petras.tlog\link-rc.write.1.tlog
c:\users\lukas\documents\visual studio 2015\projects\kniznica\petras\debug\petras.tlog\link.5772.9584-cvtres.read.1.tlog
c:\users\lukas\documents\visual studio 2015\projects\kniznica\petras\debug\petras.tlog\link.5772.9584-cvtres.write.1.tlog
c:\users\lukas\documents\visual studio 2015\projects\kniznica\petras\debug\petras.tlog\link.5772.9584-rc.read.1.tlog
c:\users\lukas\documents\visual studio 2015\projects\kniznica\petras\debug\petras.tlog\link.5772.9584-rc.write.1.tlog
c:\users\lukas\documents\visual studio 2015\projects\kniznica\petras\debug\petras.tlog\link.5772.9584.read.1.tlog
c:\users\lukas\documents\visual studio 2015\projects\kniznica\petras\debug\petras.tlog\link.5772.9584.write.1.tlog
c:\users\lukas\documents\visual studio 2015\projects\kniznica\petras\debug\petras.tlog\link.5772.read.1.tlog
c:\users\lukas\documents\visual studio 2015\projects\kniznica\petras\debug\petras.tlog\link.5772.write.1.tlog
c:\users\lukas\documents\visual studio 2015\projects\kniznica\petras\debug\petras.tlog\link.command.1.tlog
c:\users\lukas\documents\visual studio 2015\projects\kniznica\petras\debug\petras.tlog\link.read.1.tlog
c:\users\lukas\documents\visual studio 2015\projects\kniznica\petras\debug\petras.tlog\link.write.1.tlog
